<html>
<head>
<title>TestNG:  Test</title>
<link href="../testng.css" rel="stylesheet" type="text/css" />
<link href="../my-testng.css" rel="stylesheet" type="text/css" />

<style type="text/css">
.log { display: none;} 
.stack-trace { display: none;} 
</style>
<script type="text/javascript">
<!--
function flip(e) {
  current = e.style.display;
  if (current == 'block') {
    e.style.display = 'none';
    return 0;
  }
  else {
    e.style.display = 'block';
    return 1;
  }
}

function toggleBox(szDivId, elem, msg1, msg2)
{
  var res = -1;  if (document.getElementById) {
    res = flip(document.getElementById(szDivId));
  }
  else if (document.all) {
    // this is the way old msie versions work
    res = flip(document.all[szDivId]);
  }
  if(elem) {
    if(res == 0) elem.innerHTML = msg1; else elem.innerHTML = msg2;
  }

}

function toggleAllBoxes() {
  if (document.getElementsByTagName) {
    d = document.getElementsByTagName('div');
    for (i = 0; i < d.length; i++) {
      if (d[i].className == 'log') {
        flip(d[i]);
      }
    }
  }
}

// -->
</script>

</head>
<body>
<h2 align='center'>Test</h2><table border='1' align="center">
<tr>
<td>Tests passed/Failed/Skipped:</td><td>18/1/0</td>
</tr><tr>
<td>Started on:</td><td>Thu Nov 16 11:24:14 EST 2023</td>
</tr>
<tr><td>Total time:</td><td>337 seconds (337515 ms)</td>
</tr><tr>
<td>Included groups:</td><td></td>
</tr><tr>
<td>Excluded groups:</td><td></td>
</tr>
</table><p/>
<small><i>(Hover the method name to see the test class name)</i></small><p/>
<table width='100%' border='1' class='invocation-failed'>
<tr><td colspan='4' align='center'><b>FAILED TESTS</b></td></tr>
<tr><td><b>Test method</b></td>
<td><b>Attribute(s)</b></td>
<td width="30%"><b>Exception</b></td>
<td width="10%"><b>Time (seconds)</b></td>
<td><b>Instance</b></td>
</tr>
<tr>
<td title='com.tutorialninja.testcases.CheckOut_ValidProduct_Test.addAValidProductAndCheckOut()'><b>addAValidProductAndCheckOut</b><br>Test class: com.tutorialninja.testcases.CheckOut_ValidProduct_Test</td>
<td><div><pre>org.openqa.selenium.StaleElementReferenceException: stale element reference: stale element not found
  (Session info: chrome=119.0.6045.159)
For documentation on this error, please visit: https://www.selenium.dev/documentation/webdriver/troubleshooting/errors#stale-element-reference-exception
Build info: version: &apos;4.15.0&apos;, revision: &apos;1d14b5521b&apos;
System info: os.name: &apos;Windows 10&apos;, os.arch: &apos;amd64&apos;, os.version: &apos;10.0&apos;, java.version: &apos;17.0.7&apos;
Driver info: org.openqa.selenium.chrome.ChromeDriver
Command: [6c9766a4d6f8f15201f2720698601370, clickElement {id=D9C6920B658AA1208FF28E2554A2BB07_element_105}]
Capabilities {acceptInsecureCerts: false, browserName: chrome, browserVersion: 119.0.6045.159, chrome: {chromedriverVersion: 119.0.6045.105 (38c72552c5e..., userDataDir: C:\Users\LENOVO\AppData\Loc...}, fedcm:accounts: true, goog:chromeOptions: {debuggerAddress: localhost:62500}, networkConnectionEnabled: false, pageLoadStrategy: eager, platformName: windows, proxy: Proxy(), se:cdp: ws://localhost:62500/devtoo..., se:cdpVersion: 119.0.6045.159, setWindowRect: true, strictFileInteractability: false, timeouts: {implicit: 0, pageLoad: 300000, script: 30000}, unhandledPromptBehavior: dismiss and notify, webauthn:extension:credBlob: true, webauthn:extension:largeBlob: true, webauthn:extension:minPinLength: true, webauthn:extension:prf: true, webauthn:virtualAuthenticators: true}
Element: [[ChromeDriver: chrome on windows (6c9766a4d6f8f15201f2720698601370)] -&gt; xpath: //strong[normalize-space()=&apos;View Cart&apos;]]
Session ID: 6c9766a4d6f8f15201f2720698601370
	at org.openqa.selenium.remote.codec.w3c.W3CHttpResponseCodec.createException(W3CHttpResponseCodec.java:200)
	at org.openqa.selenium.remote.codec.w3c.W3CHttpResponseCodec.decode(W3CHttpResponseCodec.java:133)
	at org.openqa.selenium.remote.codec.w3c.W3CHttpResponseCodec.decode(W3CHttpResponseCodec.java:52)
	at org.openqa.selenium.remote.HttpCommandExecutor.execute(HttpCommandExecutor.java:191)
	at org.openqa.selenium.remote.service.DriverCommandExecutor.invokeExecute(DriverCommandExecutor.java:200)
	at org.openqa.selenium.remote.service.DriverCommandExecutor.execute(DriverCommandExecutor.java:175)
	at org.openqa.selenium.remote.RemoteWebDriver.execute(RemoteWebDriver.java:607)
	at org.openqa.selenium.remote.RemoteWebElement.execute(RemoteWebElement.java:224)
	at org.openqa.selenium.remote.RemoteWebElement.click(RemoteWebElement.java:77)
	at org.openqa.selenium.support.pagefactory.internal.LocatingElementHandler.invoke(LocatingElementHandler.java:51)
	at jdk.proxy2/jdk.proxy2.$Proxy15.click(Unknown Source)
	at com.qa.tutorialsninja.Pages.SearchPage.clickItemsAndOpenCart(SearchPage.java:74)
	at com.tutorialninja.testcases.CheckOut_ValidProduct_Test.addAValidProductAndCheckOut(CheckOut_ValidProduct_Test.java:61)
	at java.base/java.util.ArrayList.forEach(ArrayList.java:1511)
... Removed 35 stack frames</pre></div><a href='#' onClick='toggleBox("stack-trace440159038", this, "Click to show all stack frames", "Click to hide stack frames")'>Click to show all stack frames</a>
<div class='stack-trace' id='stack-trace440159038'><pre>org.openqa.selenium.StaleElementReferenceException: stale element reference: stale element not found
  (Session info: chrome=119.0.6045.159)
For documentation on this error, please visit: https://www.selenium.dev/documentation/webdriver/troubleshooting/errors#stale-element-reference-exception
Build info: version: &apos;4.15.0&apos;, revision: &apos;1d14b5521b&apos;
System info: os.name: &apos;Windows 10&apos;, os.arch: &apos;amd64&apos;, os.version: &apos;10.0&apos;, java.version: &apos;17.0.7&apos;
Driver info: org.openqa.selenium.chrome.ChromeDriver
Command: [6c9766a4d6f8f15201f2720698601370, clickElement {id=D9C6920B658AA1208FF28E2554A2BB07_element_105}]
Capabilities {acceptInsecureCerts: false, browserName: chrome, browserVersion: 119.0.6045.159, chrome: {chromedriverVersion: 119.0.6045.105 (38c72552c5e..., userDataDir: C:\Users\LENOVO\AppData\Loc...}, fedcm:accounts: true, goog:chromeOptions: {debuggerAddress: localhost:62500}, networkConnectionEnabled: false, pageLoadStrategy: eager, platformName: windows, proxy: Proxy(), se:cdp: ws://localhost:62500/devtoo..., se:cdpVersion: 119.0.6045.159, setWindowRect: true, strictFileInteractability: false, timeouts: {implicit: 0, pageLoad: 300000, script: 30000}, unhandledPromptBehavior: dismiss and notify, webauthn:extension:credBlob: true, webauthn:extension:largeBlob: true, webauthn:extension:minPinLength: true, webauthn:extension:prf: true, webauthn:virtualAuthenticators: true}
Element: [[ChromeDriver: chrome on windows (6c9766a4d6f8f15201f2720698601370)] -&gt; xpath: //strong[normalize-space()=&apos;View Cart&apos;]]
Session ID: 6c9766a4d6f8f15201f2720698601370
	at java.base/jdk.internal.reflect.NativeConstructorAccessorImpl.newInstance0(Native Method)
	at java.base/jdk.internal.reflect.NativeConstructorAccessorImpl.newInstance(NativeConstructorAccessorImpl.java:77)
	at java.base/jdk.internal.reflect.DelegatingConstructorAccessorImpl.newInstance(DelegatingConstructorAccessorImpl.java:45)
	at java.base/java.lang.reflect.Constructor.newInstanceWithCaller(Constructor.java:499)
	at java.base/java.lang.reflect.Constructor.newInstance(Constructor.java:480)
	at org.openqa.selenium.remote.codec.w3c.W3CHttpResponseCodec.createException(W3CHttpResponseCodec.java:200)
	at org.openqa.selenium.remote.codec.w3c.W3CHttpResponseCodec.decode(W3CHttpResponseCodec.java:133)
	at org.openqa.selenium.remote.codec.w3c.W3CHttpResponseCodec.decode(W3CHttpResponseCodec.java:52)
	at org.openqa.selenium.remote.HttpCommandExecutor.execute(HttpCommandExecutor.java:191)
	at org.openqa.selenium.remote.service.DriverCommandExecutor.invokeExecute(DriverCommandExecutor.java:200)
	at org.openqa.selenium.remote.service.DriverCommandExecutor.execute(DriverCommandExecutor.java:175)
	at org.openqa.selenium.remote.RemoteWebDriver.execute(RemoteWebDriver.java:607)
	at org.openqa.selenium.remote.RemoteWebElement.execute(RemoteWebElement.java:224)
	at org.openqa.selenium.remote.RemoteWebElement.click(RemoteWebElement.java:77)
	at jdk.internal.reflect.GeneratedMethodAccessor1.invoke(Unknown Source)
	at java.base/jdk.internal.reflect.DelegatingMethodAccessorImpl.invoke(DelegatingMethodAccessorImpl.java:43)
	at java.base/java.lang.reflect.Method.invoke(Method.java:568)
	at org.openqa.selenium.support.pagefactory.internal.LocatingElementHandler.invoke(LocatingElementHandler.java:51)
	at jdk.proxy2/jdk.proxy2.$Proxy15.click(Unknown Source)
	at com.qa.tutorialsninja.Pages.SearchPage.clickItemsAndOpenCart(SearchPage.java:74)
	at com.tutorialninja.testcases.CheckOut_ValidProduct_Test.addAValidProductAndCheckOut(CheckOut_ValidProduct_Test.java:61)
	at java.base/jdk.internal.reflect.NativeMethodAccessorImpl.invoke0(Native Method)
	at java.base/jdk.internal.reflect.NativeMethodAccessorImpl.invoke(NativeMethodAccessorImpl.java:77)
	at java.base/jdk.internal.reflect.DelegatingMethodAccessorImpl.invoke(DelegatingMethodAccessorImpl.java:43)
	at java.base/java.lang.reflect.Method.invoke(Method.java:568)
	at org.testng.internal.invokers.MethodInvocationHelper.invokeMethod(MethodInvocationHelper.java:139)
	at org.testng.internal.invokers.TestInvoker.invokeMethod(TestInvoker.java:664)
	at org.testng.internal.invokers.TestInvoker.invokeTestMethod(TestInvoker.java:227)
	at org.testng.internal.invokers.MethodRunner.runInSequence(MethodRunner.java:50)
	at org.testng.internal.invokers.TestInvoker$MethodInvocationAgent.invoke(TestInvoker.java:957)
	at org.testng.internal.invokers.TestInvoker.invokeTestMethods(TestInvoker.java:200)
	at org.testng.internal.invokers.TestMethodWorker.invokeTestMethods(TestMethodWorker.java:148)
	at org.testng.internal.invokers.TestMethodWorker.run(TestMethodWorker.java:128)
	at java.base/java.util.ArrayList.forEach(ArrayList.java:1511)
	at org.testng.TestRunner.privateRun(TestRunner.java:848)
	at org.testng.TestRunner.run(TestRunner.java:621)
	at org.testng.SuiteRunner.runTest(SuiteRunner.java:443)
	at org.testng.SuiteRunner.runSequentially(SuiteRunner.java:437)
	at org.testng.SuiteRunner.privateRun(SuiteRunner.java:397)
	at org.testng.SuiteRunner.run(SuiteRunner.java:336)
	at org.testng.SuiteRunnerWorker.runSuite(SuiteRunnerWorker.java:52)
	at org.testng.SuiteRunnerWorker.run(SuiteRunnerWorker.java:95)
	at org.testng.TestNG.runSuitesSequentially(TestNG.java:1280)
	at org.testng.TestNG.runSuitesLocally(TestNG.java:1200)
	at org.testng.TestNG.runSuites(TestNG.java:1114)
	at org.testng.TestNG.run(TestNG.java:1082)
	at org.testng.remote.AbstractRemoteTestNG.run(AbstractRemoteTestNG.java:115)
	at org.testng.remote.RemoteTestNG.initAndRun(RemoteTestNG.java:251)
	at org.testng.remote.RemoteTestNG.main(RemoteTestNG.java:77)
</pre></div></td>
<td>1</td>
<td>com.tutorialninja.testcases.CheckOut_ValidProduct_Test@7ef82753</td></tr>
</table><p>
<table width='100%' border='1' class='invocation-passed'>
<tr><td colspan='4' align='center'><b>PASSED TESTS</b></td></tr>
<tr><td><b>Test method</b></td>
<td><b>Attribute(s)</b></td>
<td width="30%"><b>Exception</b></td>
<td width="10%"><b>Time (seconds)</b></td>
<td><b>Instance</b></td>
</tr>
<tr>
<td title='com.tutorialninja.testcases.Login_Test.verifyingLoginWithValidUserNameAndValidPassword()'><b>verifyingLoginWithValidUserNameAndValidPassword</b><br>Test class: com.tutorialninja.testcases.Login_Test<br>Parameters: seleniumpanda5@gmail.com, Selenium@123</td>
<td></td>
<td>1</td>
<td>com.tutorialninja.testcases.Login_Test@6c1a5b54</td></tr>
<tr>
<td title='com.tutorialninja.testcases.SearchTest.verifySearchWithNoProduct()'><b>verifySearchWithNoProduct</b><br>Test class: com.tutorialninja.testcases.SearchTest</td>
<td></td>
<td>1</td>
<td>com.tutorialninja.testcases.SearchTest@3e27ba32</td></tr>
<tr>
<td title='com.tutorialninja.testcases.SearchTest.searchProductWithValidProduct()'><b>searchProductWithValidProduct</b><br>Test class: com.tutorialninja.testcases.SearchTest</td>
<td></td>
<td>2</td>
<td>com.tutorialninja.testcases.SearchTest@3e27ba32</td></tr>
<tr>
<td title='com.tutorialninja.testcases.Register_Test.registerAccountWithNoFields()'><b>registerAccountWithNoFields</b><br>Test class: com.tutorialninja.testcases.Register_Test</td>
<td></td>
<td>1</td>
<td>com.tutorialninja.testcases.Register_Test@117159c0</td></tr>
<tr>
<td title='com.tutorialninja.testcases.Login_Test.verifyingLoginWithValidUserNameAndValidPassword()'><b>verifyingLoginWithValidUserNameAndValidPassword</b><br>Test class: com.tutorialninja.testcases.Login_Test<br>Parameters: seleniumpanda3@gmail.com, Selenium@123</td>
<td></td>
<td>1</td>
<td>com.tutorialninja.testcases.Login_Test@6c1a5b54</td></tr>
<tr>
<td title='com.tutorialninja.testcases.Login_Test.verifyLoginWithInValidUserNameAndValidPassword()'><b>verifyLoginWithInValidUserNameAndValidPassword</b><br>Test class: com.tutorialninja.testcases.Login_Test</td>
<td></td>
<td>1</td>
<td>com.tutorialninja.testcases.Login_Test@6c1a5b54</td></tr>
<tr>
<td title='com.tutorialninja.testcases.Login_Test.verifyingLoginWithValidUserNameAndValidPassword()'><b>verifyingLoginWithValidUserNameAndValidPassword</b><br>Test class: com.tutorialninja.testcases.Login_Test<br>Parameters: seleniumpanda4@gmail.com, Selenium@123</td>
<td></td>
<td>2</td>
<td>com.tutorialninja.testcases.Login_Test@6c1a5b54</td></tr>
<tr>
<td title='com.tutorialninja.testcases.Login_Test.verifyingLoginWithValidUserNameAndValidPassword()'><b>verifyingLoginWithValidUserNameAndValidPassword</b><br>Test class: com.tutorialninja.testcases.Login_Test<br>Parameters: seleniumpanda1@gmail.com, Selenium@123</td>
<td></td>
<td>1</td>
<td>com.tutorialninja.testcases.Login_Test@6c1a5b54</td></tr>
<tr>
<td title='com.tutorialninja.testcases.Login_Test.verifyLoginWithValidUserNameAndInValidPassword()'><b>verifyLoginWithValidUserNameAndInValidPassword</b><br>Test class: com.tutorialninja.testcases.Login_Test</td>
<td></td>
<td>1</td>
<td>com.tutorialninja.testcases.Login_Test@6c1a5b54</td></tr>
<tr>
<td title='com.tutorialninja.testcases.Login_Test.verifyLoginWithInValidUserNameAndInValidPassword()'><b>verifyLoginWithInValidUserNameAndInValidPassword</b><br>Test class: com.tutorialninja.testcases.Login_Test</td>
<td></td>
<td>2</td>
<td>com.tutorialninja.testcases.Login_Test@6c1a5b54</td></tr>
<tr>
<td title='com.tutorialninja.testcases.Register_Test.registerAccountWithRequiredFields()'><b>registerAccountWithRequiredFields</b><br>Test class: com.tutorialninja.testcases.Register_Test</td>
<td></td>
<td>4</td>
<td>com.tutorialninja.testcases.Register_Test@117159c0</td></tr>
<tr>
<td title='com.tutorialninja.testcases.Login_Test.verifyingLoginWithValidUserNameAndValidPassword()'><b>verifyingLoginWithValidUserNameAndValidPassword</b><br>Test class: com.tutorialninja.testcases.Login_Test<br>Parameters: seleniumpanda@gmail.com, Selenium@123</td>
<td></td>
<td>3</td>
<td>com.tutorialninja.testcases.Login_Test@6c1a5b54</td></tr>
<tr>
<td title='com.tutorialninja.testcases.SearchTest.verifySearchWithInvalidProduct()'><b>verifySearchWithInvalidProduct</b><br>Test class: com.tutorialninja.testcases.SearchTest</td>
<td></td>
<td>1</td>
<td>com.tutorialninja.testcases.SearchTest@3e27ba32</td></tr>
<tr>
<td title='com.tutorialninja.testcases.Login_Test.verifyingLoginWithValidUserNameAndValidPassword()'><b>verifyingLoginWithValidUserNameAndValidPassword</b><br>Test class: com.tutorialninja.testcases.Login_Test<br>Parameters: seleniumpanda2@gmail.com, Selenium@123</td>
<td></td>
<td>2</td>
<td>com.tutorialninja.testcases.Login_Test@6c1a5b54</td></tr>
<tr>
<td title='com.tutorialninja.testcases.Register_Test.verifyRegisterWithDuplicateUserName()'><b>verifyRegisterWithDuplicateUserName</b><br>Test class: com.tutorialninja.testcases.Register_Test</td>
<td></td>
<td>2</td>
<td>com.tutorialninja.testcases.Register_Test@117159c0</td></tr>
<tr>
<td title='com.tutorialninja.testcases.Login_Test.verifyingLoginWithValidUserNameAndValidPassword()'><b>verifyingLoginWithValidUserNameAndValidPassword</b><br>Test class: com.tutorialninja.testcases.Login_Test<br>Parameters: seleniumpanda6@gmail.com, Selenium@123</td>
<td></td>
<td>2</td>
<td>com.tutorialninja.testcases.Login_Test@6c1a5b54</td></tr>
<tr>
<td title='com.tutorialninja.testcases.Register_Test.registerAccountWithAllFields()'><b>registerAccountWithAllFields</b><br>Test class: com.tutorialninja.testcases.Register_Test</td>
<td></td>
<td>4</td>
<td>com.tutorialninja.testcases.Register_Test@117159c0</td></tr>
<tr>
<td title='com.tutorialninja.testcases.Login_Test.verifyLoginWithNoUserNameAndNoPassword()'><b>verifyLoginWithNoUserNameAndNoPassword</b><br>Test class: com.tutorialninja.testcases.Login_Test</td>
<td></td>
<td>0</td>
<td>com.tutorialninja.testcases.Login_Test@6c1a5b54</td></tr>
</table><p>
</body>
</html>